<?xml version="1.0" encoding="UTF-8"?>
<!-- Generated by org.testng.reporters.JUnitXMLReporter -->
<testsuite ignored="7" hostname="Acer_Swift_GO" failures="3" tests="6" name="Test" time="15.032" errors="0" timestamp="2024-10-19T19:20:36 IST">
  <testcase classname="com.qa.AutomationExercise.page_test.Sign_Up_Page_Test_1" name="demoT4" time="0.023"/>
  <testcase classname="com.qa.AutomationExercise.page_test.Account_Created_Page_Test_3" name="verify_account_creation" time="0.017">
    <failure type="java.lang.NullPointerException">
      <![CDATA[java.lang.NullPointerException
at com.qa.AutomationExercise.page_test.Account_Created_Page_Test_3.verify_account_creation(Account_Created_Page_Test_3.java:15)
at java.base/java.util.concurrent.Executors$RunnableAdapter.call(Executors.java:515)
at java.base/java.util.concurrent.FutureTask.run(FutureTask.java:264)
at java.base/java.util.concurrent.ThreadPoolExecutor.runWorker(ThreadPoolExecutor.java:1128)
at java.base/java.util.concurrent.ThreadPoolExecutor$Worker.run(ThreadPoolExecutor.java:628)
at java.base/java.lang.Thread.run(Thread.java:834)
... Removed 13 stack frames]]>
    </failure>
  </testcase> <!-- verify_account_creation -->
  <testcase classname="com.qa.AutomationExercise.page_test.Registeration_page_Test_2" name="Verify_registeration" time="0.02">
    <failure type="java.lang.NullPointerException">
      <![CDATA[java.lang.NullPointerException
at com.qa.AutomationExercise.page_test.Registeration_page_Test_2.Verify_registeration(Registeration_page_Test_2.java:13)
at java.base/java.util.concurrent.Executors$RunnableAdapter.call(Executors.java:515)
at java.base/java.util.concurrent.FutureTask.run(FutureTask.java:264)
at java.base/java.util.concurrent.ThreadPoolExecutor.runWorker(ThreadPoolExecutor.java:1128)
at java.base/java.util.concurrent.ThreadPoolExecutor$Worker.run(ThreadPoolExecutor.java:628)
at java.base/java.lang.Thread.run(Thread.java:834)
... Removed 13 stack frames]]>
    </failure>
  </testcase> <!-- Verify_registeration -->
  <testcase classname="com.qa.AutomationExercise.page_test.Home_Page_Test_4" name="verify_Home_page" time="0.048">
    <failure type="java.lang.NullPointerException">
      <![CDATA[java.lang.NullPointerException
at com.qa.AutomationExercise.page_test.Home_Page_Test_4.verify_Home_page(Home_Page_Test_4.java:12)
at java.base/java.util.concurrent.Executors$RunnableAdapter.call(Executors.java:515)
at java.base/java.util.concurrent.FutureTask.run(FutureTask.java:264)
at java.base/java.util.concurrent.ThreadPoolExecutor.runWorker(ThreadPoolExecutor.java:1128)
at java.base/java.util.concurrent.ThreadPoolExecutor$Worker.run(ThreadPoolExecutor.java:628)
at java.base/java.lang.Thread.run(Thread.java:834)
... Removed 13 stack frames]]>
    </failure>
  </testcase> <!-- verify_Home_page -->
  <testcase classname="com.qa.AutomationExercise.page_test.Sign_Up_Page_Test_1" name="demoT3" time="0.004"/>
  <testcase classname="com.qa.AutomationExercise.page_test.Sign_Up_Page_Test_1" name="Verify_Signup" time="6.488"/>
  <testcase classname="com.qa.AutomationExercise.base_class.Base_test" name="@AfterTest tear_Down" time="0.0">
    <ignored/>
  </testcase> <!-- @AfterTest tear_Down -->
  <testcase classname="com.qa.AutomationExercise.base_class.Base_test" name="@AfterTest tear_Down" time="0.0">
    <ignored/>
  </testcase> <!-- @AfterTest tear_Down -->
  <testcase classname="com.qa.AutomationExercise.base_class.Base_test" name="@BeforeTest setup" time="0.0">
    <ignored/>
  </testcase> <!-- @BeforeTest setup -->
  <testcase classname="com.qa.AutomationExercise.base_class.Base_test" name="@BeforeTest setup" time="0.0">
    <ignored/>
  </testcase> <!-- @BeforeTest setup -->
  <testcase classname="com.qa.AutomationExercise.base_class.Base_test" name="@AfterTest tear_Down" time="0.0">
    <ignored/>
  </testcase> <!-- @AfterTest tear_Down -->
  <testcase classname="com.qa.AutomationExercise.base_class.Base_test" name="@BeforeTest setup" time="0.0">
    <ignored/>
  </testcase> <!-- @BeforeTest setup -->
  <testcase classname="com.qa.AutomationExercise.page_test.Sign_Up_Page_Test_1" name="Verify_Login" time="0.0">
    <ignored/>
  </testcase> <!-- Verify_Login -->
</testsuite> <!-- Test -->
